0 info it worked if it ends with ok
1 verbose cli [ '/Users/fabricetoussaint/.nvm/versions/node/v6.1.0/bin/node',
1 verbose cli   '/Users/fabricetoussaint/.nvm/versions/node/v6.1.0/bin/npm',
1 verbose cli   'run',
1 verbose cli   'test' ]
2 info using npm@3.8.6
3 info using node@v6.1.0
4 verbose run-script [ 'pretest', 'test', 'posttest' ]
5 info lifecycle portfolio@1.0.0~pretest: portfolio@1.0.0
6 silly lifecycle portfolio@1.0.0~pretest: no script for pretest, continuing
7 info lifecycle portfolio@1.0.0~test: portfolio@1.0.0
8 verbose lifecycle portfolio@1.0.0~test: unsafe-perm in lifecycle true
9 verbose lifecycle portfolio@1.0.0~test: PATH: /Users/fabricetoussaint/.nvm/versions/node/v6.1.0/lib/node_modules/npm/bin/node-gyp-bin:/Users/fabricetoussaint/Desktop/Code/portfolio/Portfolio/node_modules/.bin:/Users/fabricetoussaint/.nvm/versions/node/v6.1.0/bin:/Users/fabricetoussaint/.nvm/versions/node/v6.1.0/bin:/Users/fabricetoussaint/.rbenv/shims:/Users/fabricetoussaint/.rbenv/bin:/usr/local/mysql/bin:/usr/local/bin:/usr/bin:/bin:/usr/sbin:/sbin:/usr/local/git/bin
10 verbose lifecycle portfolio@1.0.0~test: CWD: /Users/fabricetoussaint/Desktop/Code/portfolio/Portfolio
11 silly lifecycle portfolio@1.0.0~test: Args: [ '-c', 'echo "Error: no test specified" && exit 1' ]
12 silly lifecycle portfolio@1.0.0~test: Returned: code: 1  signal: null
13 info lifecycle portfolio@1.0.0~test: Failed to exec test script
14 verbose stack Error: portfolio@1.0.0 test: `echo "Error: no test specified" && exit 1`
14 verbose stack Exit status 1
14 verbose stack     at EventEmitter.<anonymous> (/Users/fabricetoussaint/.nvm/versions/node/v6.1.0/lib/node_modules/npm/lib/utils/lifecycle.js:239:16)
14 verbose stack     at emitTwo (events.js:106:13)
14 verbose stack     at EventEmitter.emit (events.js:191:7)
14 verbose stack     at ChildProcess.<anonymous> (/Users/fabricetoussaint/.nvm/versions/node/v6.1.0/lib/node_modules/npm/lib/utils/spawn.js:24:14)
14 verbose stack     at emitTwo (events.js:106:13)
14 verbose stack     at ChildProcess.emit (events.js:191:7)
14 verbose stack     at maybeClose (internal/child_process.js:850:16)
14 verbose stack     at Process.ChildProcess._handle.onexit (internal/child_process.js:215:5)
15 verbose pkgid portfolio@1.0.0
16 verbose cwd /Users/fabricetoussaint/Desktop/Code/portfolio/Portfolio
17 error Darwin 14.3.0
18 error argv "/Users/fabricetoussaint/.nvm/versions/node/v6.1.0/bin/node" "/Users/fabricetoussaint/.nvm/versions/node/v6.1.0/bin/npm" "run" "test"
19 error node v6.1.0
20 error npm  v3.8.6
21 error code ELIFECYCLE
22 error portfolio@1.0.0 test: `echo "Error: no test specified" && exit 1`
22 error Exit status 1
23 error Failed at the portfolio@1.0.0 test script 'echo "Error: no test specified" && exit 1'.
23 error Make sure you have the latest version of node.js and npm installed.
23 error If you do, this is most likely a problem with the portfolio package,
23 error not with npm itself.
23 error Tell the author that this fails on your system:
23 error     echo "Error: no test specified" && exit 1
23 error You can get information on how to open an issue for this project with:
23 error     npm bugs portfolio
23 error Or if that isn't available, you can get their info via:
23 error     npm owner ls portfolio
23 error There is likely additional logging output above.
24 verbose exit [ 1, true ]
